d:\vs2015_code\graduate\etcv1\x64\debug\vc140.pdb
d:\vs2015_code\graduate\etcv1\x64\debug\main.obj
d:\vs2015_code\graduate\etcv1\x64\debug\moc_etcview.obj
d:\vs2015_code\graduate\etcv1\x64\debug\moc_etcrecord.obj
d:\vs2015_code\graduate\etcv1\x64\debug\moc_etcport.obj
d:\vs2015_code\graduate\etcv1\x64\debug\moc_etccar.obj
d:\vs2015_code\graduate\etcv1\x64\debug\moc_etccamera.obj
d:\vs2015_code\graduate\etcv1\x64\debug\moc_dbwidget.obj
d:\vs2015_code\graduate\etcv1\x64\debug\moc_dbmanger.obj
d:\vs2015_code\graduate\etcv1\x64\debug\moc_chargewidget.obj
d:\vs2015_code\graduate\etcv1\x64\debug\etcview.obj
d:\vs2015_code\graduate\etcv1\x64\debug\etcrecord.obj
d:\vs2015_code\graduate\etcv1\x64\debug\etcport.obj
d:\vs2015_code\graduate\etcv1\x64\debug\etccar.obj
d:\vs2015_code\graduate\etcv1\x64\debug\etccamera.obj
d:\vs2015_code\graduate\etcv1\x64\debug\dbwidget.obj
d:\vs2015_code\graduate\etcv1\x64\debug\dbmanger.obj
d:\vs2015_code\graduate\etcv1\x64\debug\chargewidget.obj
d:\vs2015_code\graduate\etcv1\x64\debug\qrc_etcv1.obj
d:\vs2015_code\graduate\etcv1\generatedfiles\ui_etcv1.h
d:\vs2015_code\graduate\etcv1\generatedfiles\debug\moc_etccar.cpp
d:\vs2015_code\graduate\etcv1\generatedfiles\debug\moc_etccamera.cpp
d:\vs2015_code\graduate\etcv1\generatedfiles\debug\moc_dbmanger.cpp
d:\vs2015_code\graduate\etcv1\generatedfiles\debug\moc_etcview.cpp
d:\vs2015_code\graduate\etcv1\generatedfiles\debug\moc_dbwidget.cpp
d:\vs2015_code\graduate\etcv1\generatedfiles\debug\moc_etcrecord.cpp
d:\vs2015_code\graduate\etcv1\generatedfiles\debug\moc_etcport.cpp
d:\vs2015_code\graduate\etcv1\generatedfiles\debug\moc_chargewidget.cpp
d:\vs2015_code\graduate\etcv1\generatedfiles\qrc_etcv1.cpp
d:\vs2015_code\graduate\x64\debug\etc.ilk
d:\vs2015_code\graduate\x64\debug\etc.exe
d:\vs2015_code\graduate\x64\debug\etc.pdb
d:\vs2015_code\graduate\etcv1\x64\debug\etcv1.res
d:\vs2015_code\graduate\etcv1\x64\debug\etc.tlog\cl.command.1.tlog
d:\vs2015_code\graduate\etcv1\x64\debug\etc.tlog\cl.read.1.tlog
d:\vs2015_code\graduate\etcv1\x64\debug\etc.tlog\cl.write.1.tlog
d:\vs2015_code\graduate\etcv1\x64\debug\etc.tlog\custombuild.command.1.tlog
d:\vs2015_code\graduate\etcv1\x64\debug\etc.tlog\custombuild.read.1.tlog
d:\vs2015_code\graduate\etcv1\x64\debug\etc.tlog\custombuild.write.1.tlog
d:\vs2015_code\graduate\etcv1\x64\debug\etc.tlog\link.command.1.tlog
d:\vs2015_code\graduate\etcv1\x64\debug\etc.tlog\link.read.1.tlog
d:\vs2015_code\graduate\etcv1\x64\debug\etc.tlog\link.write.1.tlog
d:\vs2015_code\graduate\etcv1\x64\debug\etc.tlog\rc.command.1.tlog
d:\vs2015_code\graduate\etcv1\x64\debug\etc.tlog\rc.read.1.tlog
d:\vs2015_code\graduate\etcv1\x64\debug\etc.tlog\rc.write.1.tlog
